13:54:13.544 request:
1 > GET https://petstore.swagger.io/v2/user/brand
1 > Accept-Encoding: gzip,deflate
1 > Connection: Keep-Alive
1 > Host: petstore.swagger.io
1 > User-Agent: Apache-HttpClient/4.5.5 (Java/11.0.12)

13:54:14.844 response time in milliseconds: 1294.06
1 < 200
1 < Access-Control-Allow-Headers: Content-Type, api_key, Authorization
1 < Access-Control-Allow-Methods: GET, POST, DELETE, PUT
1 < Access-Control-Allow-Origin: *
1 < Connection: keep-alive
1 < Content-Type: application/json
1 < Date: Mon, 28 Aug 2023 18:54:14 GMT
1 < Server: Jetty(9.2.9.v20150224)
1 < Transfer-Encoding: chunked
{"id":1,"username":"brand","firstName":"fredy","lastName":"sierra","email":"fred@gamil.com","password":"123456","phone":"3153986289","userStatus":1}

13:54:14.847 [print] {
  "id": 1,
  "username": "brand",
  "firstName": "fredy",
  "lastName": "sierra",
  "email": "fred@gamil.com",
  "password": "123456",
  "phone": "3153986289",
  "userStatus": 1
}

