13:54:13.508 request:
1 > POST https://petstore.swagger.io/v2/user/
1 > Accept-Encoding: gzip,deflate
1 > Connection: Keep-Alive
1 > Content-Length: 148
1 > Content-Type: application/json; charset=UTF-8
1 > Host: petstore.swagger.io
1 > User-Agent: Apache-HttpClient/4.5.5 (Java/11.0.12)
{"id":1,"username":"brand","firstName":"fredy","lastName":"sierra","email":"fred@gamil.com","password":"123456","phone":"3153986289","userStatus":1}

13:54:14.847 response time in milliseconds: 1328.67
1 < 200
1 < Access-Control-Allow-Headers: Content-Type, api_key, Authorization
1 < Access-Control-Allow-Methods: GET, POST, DELETE, PUT
1 < Access-Control-Allow-Origin: *
1 < Connection: keep-alive
1 < Content-Type: application/json
1 < Date: Mon, 28 Aug 2023 18:54:14 GMT
1 < Server: Jetty(9.2.9.v20150224)
1 < Transfer-Encoding: chunked
{"code":200,"type":"unknown","message":"1"}

